2014-10-07 21:47:21.595 DanzoGym[81632:5786226] DiskCookieStorage changing policy from 2 to 0, cookie file: file:///Users/yannik.methot/Library/Developer/CoreSimulator/Devices/A1F4B758-46F8-4E68-80EA-2D5C27BE7630/data/Containers/Data/Application/DB548E8A-02E4-4464-BECC-0A701F9D2499/Library/Cookies/Cookies.binarycookies
2014-10-07 21:47:22.010 DanzoGym[81632:5786226] Apache Cordova native platform version 3.6.3 is starting.
2014-10-07 21:47:22.010 DanzoGym[81632:5786226] Multi-tasking -> Device: YES, App: YES
2014-10-07 21:47:22.026 DanzoGym[81632:5786226] Unlimited access to network resources
2014-10-07 21:47:22.029 DanzoGym[81632:5786226] 

Started backup to iCloud! Please be careful.
Your application might be rejected by Apple if you store too much data.
For more information please read "iOS Data Storage Guidelines" at:
https://developer.apple.com/icloud/documentation/data-storage/

2014-10-07 21:47:23.120 DanzoGym[81632:5786226] Resetting plugins due to page load.
2014-10-07 21:47:23.161 DanzoGym[81632:5786226] Failed to load webpage with error: The network connection was lost.
2014-10-09 21:34:51.323 DanzoGym[29369:6371029] DiskCookieStorage changing policy from 2 to 0, cookie file: file:///Users/yannik.methot/Library/Developer/CoreSimulator/Devices/A1F4B758-46F8-4E68-80EA-2D5C27BE7630/data/Containers/Data/Application/E8AD9121-BC0B-4DB8-85C4-4067896493DE/Library/Cookies/Cookies.binarycookies
2014-10-09 21:34:51.501 DanzoGym[29369:6371029] Apache Cordova native platform version 3.6.3 is starting.
2014-10-09 21:34:51.501 DanzoGym[29369:6371029] Multi-tasking -> Device: YES, App: YES
2014-10-09 21:34:51.531 DanzoGym[29369:6371029] Unlimited access to network resources
2014-10-09 21:34:51.542 DanzoGym[29369:6371029] 

Started backup to iCloud! Please be careful.
Your application might be rejected by Apple if you store too much data.
For more information please read "iOS Data Storage Guidelines" at:
https://developer.apple.com/icloud/documentation/data-storage/

2014-10-09 21:34:52.035 DanzoGym[29369:6371029] Resetting plugins due to page load.
2014-10-09 21:34:52.076 DanzoGym[29369:6371029] Failed to load webpage with error: The network connection was lost.
2014-10-09 22:45:42.126 DanzoGym[33770:6412801] DiskCookieStorage changing policy from 2 to 0, cookie file: file:///Users/yannik.methot/Library/Developer/CoreSimulator/Devices/A1F4B758-46F8-4E68-80EA-2D5C27BE7630/data/Containers/Data/Application/1EAAD45E-A069-4A54-93E9-C4C8E16A2FB9/Library/Cookies/Cookies.binarycookies
2014-10-09 22:45:43.759 DanzoGym[33770:6412801] Apache Cordova native platform version 3.6.3 is starting.
2014-10-09 22:45:43.759 DanzoGym[33770:6412801] Multi-tasking -> Device: YES, App: YES
2014-10-09 22:45:43.794 DanzoGym[33770:6412801] Unlimited access to network resources
2014-10-09 22:45:43.798 DanzoGym[33770:6412801] 

Started backup to iCloud! Please be careful.
Your application might be rejected by Apple if you store too much data.
For more information please read "iOS Data Storage Guidelines" at:
https://developer.apple.com/icloud/documentation/data-storage/

2014-10-09 22:45:44.431 DanzoGym[33770:6412801] Resetting plugins due to page load.
2014-10-09 22:45:44.580 DanzoGym[33770:6412801] Failed to load webpage with error: The network connection was lost.
2014-10-09 22:48:43.139 DanzoGym[34026:6415354] DiskCookieStorage changing policy from 2 to 0, cookie file: file:///Users/yannik.methot/Library/Developer/CoreSimulator/Devices/A1F4B758-46F8-4E68-80EA-2D5C27BE7630/data/Containers/Data/Application/09E21C82-199E-4330-8BC4-ADB92B3EA1F0/Library/Cookies/Cookies.binarycookies
2014-10-09 22:48:43.368 DanzoGym[34026:6415354] Apache Cordova native platform version 3.6.3 is starting.
2014-10-09 22:48:43.368 DanzoGym[34026:6415354] Multi-tasking -> Device: YES, App: YES
2014-10-09 22:48:43.374 DanzoGym[34026:6415354] Unlimited access to network resources
2014-10-09 22:48:43.376 DanzoGym[34026:6415354] 

Started backup to iCloud! Please be careful.
Your application might be rejected by Apple if you store too much data.
For more information please read "iOS Data Storage Guidelines" at:
https://developer.apple.com/icloud/documentation/data-storage/

2014-10-09 22:48:43.616 DanzoGym[34026:6415354] Resetting plugins due to page load.
2014-10-09 22:48:43.628 DanzoGym[34026:6415354] Failed to load webpage with error: The network connection was lost.
2014-10-09 22:49:26.864 DanzoGym[34188:6416493] DiskCookieStorage changing policy from 2 to 0, cookie file: file:///Users/yannik.methot/Library/Developer/CoreSimulator/Devices/A1F4B758-46F8-4E68-80EA-2D5C27BE7630/data/Containers/Data/Application/1DFF8095-DA52-400B-9B1C-74F942520793/Library/Cookies/Cookies.binarycookies
2014-10-09 22:49:26.977 DanzoGym[34188:6416493] Apache Cordova native platform version 3.6.3 is starting.
2014-10-09 22:49:26.977 DanzoGym[34188:6416493] Multi-tasking -> Device: YES, App: YES
2014-10-09 22:49:26.983 DanzoGym[34188:6416493] Unlimited access to network resources
2014-10-09 22:49:26.984 DanzoGym[34188:6416493] 

Started backup to iCloud! Please be careful.
Your application might be rejected by Apple if you store too much data.
For more information please read "iOS Data Storage Guidelines" at:
https://developer.apple.com/icloud/documentation/data-storage/

2014-10-09 22:49:27.213 DanzoGym[34188:6416493] Resetting plugins due to page load.
2014-10-09 22:49:27.226 DanzoGym[34188:6416493] Failed to load webpage with error: The network connection was lost.
2014-10-09 22:50:25.522 DanzoGym[34341:6417719] DiskCookieStorage changing policy from 2 to 0, cookie file: file:///Users/yannik.methot/Library/Developer/CoreSimulator/Devices/A1F4B758-46F8-4E68-80EA-2D5C27BE7630/data/Containers/Data/Application/2904A474-8ED7-4759-8294-3A2BE4DC56A1/Library/Cookies/Cookies.binarycookies
2014-10-09 22:50:25.665 DanzoGym[34341:6417719] Apache Cordova native platform version 3.6.3 is starting.
2014-10-09 22:50:25.665 DanzoGym[34341:6417719] Multi-tasking -> Device: YES, App: YES
2014-10-09 22:50:25.670 DanzoGym[34341:6417719] Unlimited access to network resources
2014-10-09 22:50:25.671 DanzoGym[34341:6417719] 

Started backup to iCloud! Please be careful.
Your application might be rejected by Apple if you store too much data.
For more information please read "iOS Data Storage Guidelines" at:
https://developer.apple.com/icloud/documentation/data-storage/

2014-10-09 22:50:25.908 DanzoGym[34341:6417719] Resetting plugins due to page load.
2014-10-09 22:50:25.919 DanzoGym[34341:6417719] Failed to load webpage with error: The network connection was lost.
2014-10-09 22:53:21.488 DanzoGym[34620:6420415] DiskCookieStorage changing policy from 2 to 0, cookie file: file:///Users/yannik.methot/Library/Developer/CoreSimulator/Devices/A1F4B758-46F8-4E68-80EA-2D5C27BE7630/data/Containers/Data/Application/9F55C04E-69B4-4F29-B004-B2A66E531084/Library/Cookies/Cookies.binarycookies
2014-10-09 22:53:21.583 DanzoGym[34620:6420415] Apache Cordova native platform version 3.6.3 is starting.
2014-10-09 22:53:21.583 DanzoGym[34620:6420415] Multi-tasking -> Device: YES, App: YES
2014-10-09 22:53:21.587 DanzoGym[34620:6420415] Unlimited access to network resources
2014-10-09 22:53:21.589 DanzoGym[34620:6420415] 

Started backup to iCloud! Please be careful.
Your application might be rejected by Apple if you store too much data.
For more information please read "iOS Data Storage Guidelines" at:
https://developer.apple.com/icloud/documentation/data-storage/

2014-10-09 22:53:21.818 DanzoGym[34620:6420415] Resetting plugins due to page load.
2014-10-09 22:53:21.834 DanzoGym[34620:6420415] Failed to load webpage with error: The network connection was lost.
2014-10-09 22:59:35.360 DanzoGym[35241:6425737] DiskCookieStorage changing policy from 2 to 0, cookie file: file:///Users/yannik.methot/Library/Developer/CoreSimulator/Devices/A1F4B758-46F8-4E68-80EA-2D5C27BE7630/data/Containers/Data/Application/4832B9EA-1747-491E-8A09-0595A83F9348/Library/Cookies/Cookies.binarycookies
2014-10-09 22:59:35.496 DanzoGym[35241:6425737] Apache Cordova native platform version 3.6.3 is starting.
2014-10-09 22:59:35.496 DanzoGym[35241:6425737] Multi-tasking -> Device: YES, App: YES
2014-10-09 22:59:35.505 DanzoGym[35241:6425737] Unlimited access to network resources
2014-10-09 22:59:35.507 DanzoGym[35241:6425737] 

Started backup to iCloud! Please be careful.
Your application might be rejected by Apple if you store too much data.
For more information please read "iOS Data Storage Guidelines" at:
https://developer.apple.com/icloud/documentation/data-storage/

2014-10-09 22:59:35.769 DanzoGym[35241:6425737] Resetting plugins due to page load.
2014-10-09 22:59:35.780 DanzoGym[35241:6425737] Failed to load webpage with error: The network connection was lost.
2014-10-09 23:00:28.383 DanzoGym[35407:6426854] DiskCookieStorage changing policy from 2 to 0, cookie file: file:///Users/yannik.methot/Library/Developer/CoreSimulator/Devices/A1F4B758-46F8-4E68-80EA-2D5C27BE7630/data/Containers/Data/Application/B0B953CF-003C-48A0-B1EC-EF180ECAFFF7/Library/Cookies/Cookies.binarycookies
2014-10-09 23:00:28.508 DanzoGym[35407:6426854] Apache Cordova native platform version 3.6.3 is starting.
2014-10-09 23:00:28.508 DanzoGym[35407:6426854] Multi-tasking -> Device: YES, App: YES
2014-10-09 23:00:28.513 DanzoGym[35407:6426854] Unlimited access to network resources
2014-10-09 23:00:28.515 DanzoGym[35407:6426854] 

Started backup to iCloud! Please be careful.
Your application might be rejected by Apple if you store too much data.
For more information please read "iOS Data Storage Guidelines" at:
https://developer.apple.com/icloud/documentation/data-storage/

2014-10-09 23:00:28.781 DanzoGym[35407:6426854] Resetting plugins due to page load.
2014-10-09 23:00:28.794 DanzoGym[35407:6426854] Failed to load webpage with error: The network connection was lost.
2014-10-09 23:03:09.867 DanzoGym[35723:6429186] DiskCookieStorage changing policy from 2 to 0, cookie file: file:///Users/yannik.methot/Library/Developer/CoreSimulator/Devices/A1F4B758-46F8-4E68-80EA-2D5C27BE7630/data/Containers/Data/Application/4F35F0D8-4A72-4F7E-B577-DB393BDDF6ED/Library/Cookies/Cookies.binarycookies
2014-10-09 23:03:09.933 DanzoGym[35723:6429186] Apache Cordova native platform version 3.6.3 is starting.
2014-10-09 23:03:09.933 DanzoGym[35723:6429186] Multi-tasking -> Device: YES, App: YES
2014-10-09 23:03:09.938 DanzoGym[35723:6429186] Unlimited access to network resources
2014-10-09 23:03:09.939 DanzoGym[35723:6429186] 

Started backup to iCloud! Please be careful.
Your application might be rejected by Apple if you store too much data.
For more information please read "iOS Data Storage Guidelines" at:
https://developer.apple.com/icloud/documentation/data-storage/

2014-10-09 23:03:10.160 DanzoGym[35723:6429186] Resetting plugins due to page load.
2014-10-09 23:03:10.171 DanzoGym[35723:6429186] Failed to load webpage with error: The network connection was lost.
2014-10-09 23:18:25.397 DanzoGym[36640:6437960] DiskCookieStorage changing policy from 2 to 0, cookie file: file:///Users/yannik.methot/Library/Developer/CoreSimulator/Devices/A1F4B758-46F8-4E68-80EA-2D5C27BE7630/data/Containers/Data/Application/5E63A8D6-134F-4810-99B1-12A6D800B20C/Library/Cookies/Cookies.binarycookies
2014-10-09 23:18:25.585 DanzoGym[36640:6437960] Apache Cordova native platform version 3.6.3 is starting.
2014-10-09 23:18:25.586 DanzoGym[36640:6437960] Multi-tasking -> Device: YES, App: YES
2014-10-09 23:18:25.591 DanzoGym[36640:6437960] Unlimited access to network resources
2014-10-09 23:18:25.593 DanzoGym[36640:6437960] 

Started backup to iCloud! Please be careful.
Your application might be rejected by Apple if you store too much data.
For more information please read "iOS Data Storage Guidelines" at:
https://developer.apple.com/icloud/documentation/data-storage/

2014-10-09 23:18:26.162 DanzoGym[36640:6437960] Resetting plugins due to page load.
2014-10-09 23:18:26.190 DanzoGym[36640:6437960] Failed to load webpage with error: The network connection was lost.
2014-10-09 23:21:51.077 DanzoGym[37009:6440774] DiskCookieStorage changing policy from 2 to 0, cookie file: file:///Users/yannik.methot/Library/Developer/CoreSimulator/Devices/A1F4B758-46F8-4E68-80EA-2D5C27BE7630/data/Containers/Data/Application/3385C5CD-4584-401A-89A9-446EF08B7487/Library/Cookies/Cookies.binarycookies
2014-10-09 23:21:51.187 DanzoGym[37009:6440774] Apache Cordova native platform version 3.6.3 is starting.
2014-10-09 23:21:51.188 DanzoGym[37009:6440774] Multi-tasking -> Device: YES, App: YES
2014-10-09 23:21:51.192 DanzoGym[37009:6440774] Unlimited access to network resources
2014-10-09 23:21:51.193 DanzoGym[37009:6440774] 

Started backup to iCloud! Please be careful.
Your application might be rejected by Apple if you store too much data.
For more information please read "iOS Data Storage Guidelines" at:
https://developer.apple.com/icloud/documentation/data-storage/

2014-10-09 23:21:51.430 DanzoGym[37009:6440774] [CDVTimer][statusbar] 51.422000ms
2014-10-09 23:21:51.430 DanzoGym[37009:6440774] [CDVTimer][TotalPluginStartup] 51.562965ms
2014-10-09 23:21:51.482 DanzoGym[37009:6440774] Resetting plugins due to page load.
2014-10-09 23:21:51.502 DanzoGym[37009:6440774] Failed to load webpage with error: The network connection was lost.
2014-10-14 22:03:05.891 DanzoGym[14591:7364319] DiskCookieStorage changing policy from 2 to 0, cookie file: file:///Users/yannik.methot/Library/Developer/CoreSimulator/Devices/A1F4B758-46F8-4E68-80EA-2D5C27BE7630/data/Containers/Data/Application/89FA748A-D279-42C4-8A05-2C2089D837F3/Library/Cookies/Cookies.binarycookies
2014-10-14 22:03:06.178 DanzoGym[14591:7364319] Apache Cordova native platform version 3.6.3 is starting.
2014-10-14 22:03:06.179 DanzoGym[14591:7364319] Multi-tasking -> Device: YES, App: YES
2014-10-14 22:03:06.192 DanzoGym[14591:7364319] Unlimited access to network resources
2014-10-14 22:03:06.230 DanzoGym[14591:7364319] 

Started backup to iCloud! Please be careful.
Your application might be rejected by Apple if you store too much data.
For more information please read "iOS Data Storage Guidelines" at:
https://developer.apple.com/icloud/documentation/data-storage/

2014-10-14 22:03:06.645 DanzoGym[14591:7364319] [CDVTimer][statusbar] 98.921955ms
2014-10-14 22:03:06.645 DanzoGym[14591:7364319] [CDVTimer][TotalPluginStartup] 99.093974ms
2014-10-14 22:03:06.711 DanzoGym[14591:7364319] Resetting plugins due to page load.
2014-10-14 22:03:06.775 DanzoGym[14591:7364319] Failed to load webpage with error: The network connection was lost.
2014-10-14 22:35:44.010 DanzoGym[16734:7391261] DiskCookieStorage changing policy from 2 to 0, cookie file: file:///Users/yannik.methot/Library/Developer/CoreSimulator/Devices/A1F4B758-46F8-4E68-80EA-2D5C27BE7630/data/Containers/Data/Application/CB9FB444-A90A-40C7-840E-74E93510AC79/Library/Cookies/Cookies.binarycookies
2014-10-14 22:35:44.248 DanzoGym[16734:7391261] Apache Cordova native platform version 3.6.3 is starting.
2014-10-14 22:35:44.248 DanzoGym[16734:7391261] Multi-tasking -> Device: YES, App: YES
2014-10-14 22:35:44.254 DanzoGym[16734:7391261] Unlimited access to network resources
2014-10-14 22:35:44.256 DanzoGym[16734:7391261] 

Started backup to iCloud! Please be careful.
Your application might be rejected by Apple if you store too much data.
For more information please read "iOS Data Storage Guidelines" at:
https://developer.apple.com/icloud/documentation/data-storage/

2014-10-14 22:35:44.610 DanzoGym[16734:7391261] [CDVTimer][statusbar] 145.200014ms
2014-10-14 22:35:44.610 DanzoGym[16734:7391261] [CDVTimer][TotalPluginStartup] 145.341992ms
2014-10-14 22:35:44.657 DanzoGym[16734:7391261] Resetting plugins due to page load.
2014-10-14 22:35:44.668 DanzoGym[16734:7391261] Failed to load webpage with error: The network connection was lost.
2014-10-15 21:53:17.290 DanzoGym[58160:7922506] DiskCookieStorage changing policy from 2 to 0, cookie file: file:///Users/yannik.methot/Library/Developer/CoreSimulator/Devices/A1F4B758-46F8-4E68-80EA-2D5C27BE7630/data/Containers/Data/Application/3E5382BD-5465-4CA7-AA91-528DAD17A654/Library/Cookies/Cookies.binarycookies
2014-10-15 21:53:17.572 DanzoGym[58160:7922506] Apache Cordova native platform version 3.6.3 is starting.
2014-10-15 21:53:17.573 DanzoGym[58160:7922506] Multi-tasking -> Device: YES, App: YES
2014-10-15 21:53:17.588 DanzoGym[58160:7922506] Unlimited access to network resources
2014-10-15 21:53:17.590 DanzoGym[58160:7922506] 

Started backup to iCloud! Please be careful.
Your application might be rejected by Apple if you store too much data.
For more information please read "iOS Data Storage Guidelines" at:
https://developer.apple.com/icloud/documentation/data-storage/

2014-10-15 21:53:17.995 DanzoGym[58160:7922506] [CDVTimer][statusbar] 87.505996ms
2014-10-15 21:53:17.995 DanzoGym[58160:7922506] [CDVTimer][TotalPluginStartup] 87.646008ms
2014-10-15 21:53:18.067 DanzoGym[58160:7922506] Resetting plugins due to page load.
2014-10-15 21:53:18.141 DanzoGym[58160:7922506] Failed to load webpage with error: The network connection was lost.
2014-10-15 23:46:07.171 Danzo[68430:8005452] DiskCookieStorage changing policy from 2 to 0, cookie file: file:///Users/yannik.methot/Library/Developer/CoreSimulator/Devices/A1F4B758-46F8-4E68-80EA-2D5C27BE7630/data/Containers/Data/Application/DB97E5F3-DB9A-4313-8A93-A7D3CB223AD9/Library/Cookies/Cookies.binarycookies
2014-10-15 23:46:07.293 Danzo[68430:8005452] Apache Cordova native platform version 3.6.3 is starting.
2014-10-15 23:46:07.293 Danzo[68430:8005452] Multi-tasking -> Device: YES, App: YES
2014-10-15 23:46:07.297 Danzo[68430:8005452] Unlimited access to network resources
2014-10-15 23:46:07.499 Danzo[68430:8005452] [CDVTimer][statusbar] 23.446977ms
2014-10-15 23:46:07.499 Danzo[68430:8005452] [CDVTimer][TotalPluginStartup] 23.585021ms
2014-10-15 23:46:07.551 Danzo[68430:8005452] Resetting plugins due to page load.
2014-10-15 23:46:07.563 Danzo[68430:8005452] Failed to load webpage with error: The network connection was lost.
